Arguments: 
  /usr/local/Cellar/node/8.9.2/bin/node /usr/local/bin/yarn global

PATH: 
  /Users/fonsecajavier/.rvm/gems/ruby-2.4.1/bin:/Users/fonsecajavier/.rvm/gems/ruby-2.4.1@global/bin:/Users/fonsecajavier/.rvm/rubies/ruby-2.4.1/bin:/usr/local/bin:/Applications/Postgres.app/Contents/Versions/latest/bin:/Users/fonsecajavier/.bin:/Users/fonsecajavier/.rvm/bin:/usr/local/bin:/usr/bin:/bin:/usr/sbin:/sbin:/Applications/VMware Fusion.app/Contents/Public:/usr/local/MacGPG2/bin:/Users/fonsecajavier/.rvm/gems/ruby-2.4.1/bin:/Users/fonsecajavier/.rvm/gems/ruby-2.4.1@global/bin:/Users/fonsecajavier/.rvm/rubies/ruby-2.4.1/bin:/Applications/Postgres.app/Contents/Versions/latest/bin:/Users/fonsecajavier/.bin:/Users/fonsecajavier/.rvm/bin

Yarn version: 
  1.5.1

Node version: 
  8.9.2

Platform: 
  darwin x64

npm manifest: 
  No manifest

yarn manifest: 
  No manifest

Lockfile: 
  No lockfile

Trace: 
  Error: Invalid subcommand. Try "add, bin, dir, ls, list, remove, upgrade, upgrade-interactive"
      at new MessageError (/usr/local/lib/node_modules/yarn/lib/cli.js:186:110)
      at Object.<anonymous> (/usr/local/lib/node_modules/yarn/lib/cli.js:30362:59)
      at Generator.next (<anonymous>)
      at step (/usr/local/lib/node_modules/yarn/lib/cli.js:98:30)
      at /usr/local/lib/node_modules/yarn/lib/cli.js:116:14
      at new Promise (<anonymous>)
      at new F (/usr/local/lib/node_modules/yarn/lib/cli.js:23451:28)
      at Object.<anonymous> (/usr/local/lib/node_modules/yarn/lib/cli.js:95:12)
      at Object.run (/usr/local/lib/node_modules/yarn/lib/cli.js:30366:19)
      at run (/usr/local/lib/node_modules/yarn/lib/cli.js:89113:20)
